<?xml version="1.0" encoding="UTF-8"?>
<testng-results skipped="0" failed="1" ignored="0" total="2" passed="1">
  <reporter-output>
  </reporter-output>
  <suite name="Facebook" duration-ms="49327" started-at="2019-07-26T05:29:36Z" finished-at="2019-07-26T05:30:25Z">
    <groups>
      <group name="cucumber">
        <method signature="AbstractTestNGCucumberTests.runScenario(cucumber.api.testng.PickleEventWrapper, cucumber.api.testng.CucumberFeatureWrapper)[pri:0, instance:TestRunners.TestRunnerFacebook@3e9b1010]" name="runScenario" class="cucumber.api.testng.AbstractTestNGCucumberTests"/>
      </group> <!-- cucumber -->
    </groups>
    <test name="Facebook" duration-ms="49327" started-at="2019-07-26T05:29:36Z" finished-at="2019-07-26T05:30:25Z">
      <class name="TestRunners.TestRunnerFacebook">
        <test-method status="PASS" signature="setUpClass()[pri:0, instance:TestRunners.TestRunnerFacebook@3e9b1010]" name="setUpClass" is-config="true" duration-ms="576" started-at="2019-07-26T05:29:36Z" finished-at="2019-07-26T05:29:36Z">
          <reporter-output>
          </reporter-output>
        </test-method> <!-- setUpClass -->
        <test-method status="PASS" signature="beforeClass(java.lang.String, java.lang.String, java.lang.String, java.lang.String, java.lang.String)[pri:0, instance:TestRunners.TestRunnerFacebook@3e9b1010]" name="beforeClass" is-config="true" duration-ms="7" started-at="2019-07-26T05:29:36Z" finished-at="2019-07-26T05:29:36Z">
          <params>
            <param index="0">
              <value>
                <![CDATA[${operatingSystem}]]>
              </value>
            </param>
            <param index="1">
              <value>
                <![CDATA[${browser}]]>
              </value>
            </param>
            <param index="2">
              <value>
                <![CDATA[${link}]]>
              </value>
            </param>
            <param index="3">
              <value>
                <![CDATA[${user}]]>
              </value>
            </param>
            <param index="4">
              <value>
                <![CDATA[${password}]]>
              </value>
            </param>
          </params>
          <reporter-output>
          </reporter-output>
        </test-method> <!-- beforeClass -->
        <test-method status="PASS" signature="runScenario(cucumber.api.testng.PickleEventWrapper, cucumber.api.testng.CucumberFeatureWrapper)[pri:0, instance:TestRunners.TestRunnerFacebook@3e9b1010]" name="runScenario" duration-ms="21601" started-at="2019-07-26T05:29:36Z" description="Runs Cucumber Scenarios" data-provider="scenarios" finished-at="2019-07-26T05:29:58Z">
          <params>
            <param index="0">
              <value>
                <![CDATA["To check whether user is able to login to Facebook using valid Credentials"]]>
              </value>
            </param>
            <param index="1">
              <value>
                <![CDATA["Login To Facebook with valid credentials"]]>
              </value>
            </param>
          </params>
          <reporter-output>
          </reporter-output>
        </test-method> <!-- runScenario -->
        <test-method status="FAIL" signature="runScenario(cucumber.api.testng.PickleEventWrapper, cucumber.api.testng.CucumberFeatureWrapper)[pri:0, instance:TestRunners.TestRunnerFacebook@3e9b1010]" name="runScenario" duration-ms="26727" started-at="2019-07-26T05:29:58Z" description="Runs Cucumber Scenarios" data-provider="scenarios" finished-at="2019-07-26T05:30:25Z">
          <params>
            <param index="0">
              <value>
                <![CDATA["Successful Login to Facebook Page with default credentials"]]>
              </value>
            </param>
            <param index="1">
              <value>
                <![CDATA["Login To Facebook with valid credentials"]]>
              </value>
            </param>
          </params>
          <exception class="org.openqa.selenium.WebDriverException">
            <message>
              <![CDATA[chrome not reachable
  (Session info: chrome=75.0.3770.100)
Build info: version: '3.141.59', revision: 'e82be7d358', time: '2018-11-14T08:17:03'
System info: host: 'admin1-LIVA-Z2V', ip: '127.0.1.1', os.name: 'Linux', os.arch: 'amd64', os.version: '4.15.0-55-generic', java.version: '1.8.0_212'
Driver info: org.openqa.selenium.chrome.ChromeDriver
Capabilities {acceptInsecureCerts: false, browserName: chrome, browserVersion: 75.0.3770.100, chrome: {chromedriverVersion: 75.0.3770.90 (a6dcaf7e3ec6f..., userDataDir: /tmp/.com.google.Chrome.0i31eK}, goog:chromeOptions: {debuggerAddress: localhost:36271}, javascriptEnabled: true, networkConnectionEnabled: false, pageLoadStrategy: normal, platform: LINUX, platformName: LINUX, proxy: Proxy(), setWindowRect: true, strictFileInteractability: false, timeouts: {implicit: 0, pageLoad: 300000, script: 30000}, unhandledPromptBehavior: dismiss and notify}
Session ID: 64d2a50867e32d5885ed22383e99ea82
*** Element info: {Using=xpath, value=//a[contains(., 'News Feed')]}]]>
            </message>
            <full-stacktrace>
              <![CDATA[org.openqa.selenium.WebDriverException: chrome not reachable
  (Session info: chrome=75.0.3770.100)
Build info: version: '3.141.59', revision: 'e82be7d358', time: '2018-11-14T08:17:03'
System info: host: 'admin1-LIVA-Z2V', ip: '127.0.1.1', os.name: 'Linux', os.arch: 'amd64', os.version: '4.15.0-55-generic', java.version: '1.8.0_212'
Driver info: org.openqa.selenium.chrome.ChromeDriver
Capabilities {acceptInsecureCerts: false, browserName: chrome, browserVersion: 75.0.3770.100, chrome: {chromedriverVersion: 75.0.3770.90 (a6dcaf7e3ec6f..., userDataDir: /tmp/.com.google.Chrome.0i31eK}, goog:chromeOptions: {debuggerAddress: localhost:36271}, javascriptEnabled: true, networkConnectionEnabled: false, pageLoadStrategy: normal, platform: LINUX, platformName: LINUX, proxy: Proxy(), setWindowRect: true, strictFileInteractability: false, timeouts: {implicit: 0, pageLoad: 300000, script: 30000}, unhandledPromptBehavior: dismiss and notify}
Session ID: 64d2a50867e32d5885ed22383e99ea82
*** Element info: {Using=xpath, value=//a[contains(., 'News Feed')]}
at sun.reflect.NativeConstructorAccessorImpl.newInstance0(Native Method)
at sun.reflect.NativeConstructorAccessorImpl.newInstance(NativeConstructorAccessorImpl.java:62)
at sun.reflect.DelegatingConstructorAccessorImpl.newInstance(DelegatingConstructorAccessorImpl.java:45)
at java.lang.reflect.Constructor.newInstance(Constructor.java:423)
at org.openqa.selenium.remote.http.W3CHttpResponseCodec.createException(W3CHttpResponseCodec.java:187)
at org.openqa.selenium.remote.http.W3CHttpResponseCodec.decode(W3CHttpResponseCodec.java:122)
at org.openqa.selenium.remote.http.W3CHttpResponseCodec.decode(W3CHttpResponseCodec.java:49)
at org.openqa.selenium.remote.HttpCommandExecutor.execute(HttpCommandExecutor.java:158)
at org.openqa.selenium.remote.service.DriverCommandExecutor.execute(DriverCommandExecutor.java:83)
at org.openqa.selenium.remote.RemoteWebDriver.execute(RemoteWebDriver.java:552)
at org.openqa.selenium.remote.RemoteWebDriver.findElement(RemoteWebDriver.java:323)
at org.openqa.selenium.remote.RemoteWebDriver.findElementByXPath(RemoteWebDriver.java:428)
at org.openqa.selenium.By$ByXPath.findElement(By.java:353)
at org.openqa.selenium.remote.RemoteWebDriver.findElement(RemoteWebDriver.java:315)
at org.openqa.selenium.support.pagefactory.DefaultElementLocator.findElement(DefaultElementLocator.java:69)
at org.openqa.selenium.support.pagefactory.AjaxElementLocator.access$001(AjaxElementLocator.java:39)
at org.openqa.selenium.support.pagefactory.AjaxElementLocator$SlowLoadingElement.isLoaded(AjaxElementLocator.java:165)
at org.openqa.selenium.support.ui.SlowLoadableComponent.get(SlowLoadableComponent.java:61)
at org.openqa.selenium.support.pagefactory.AjaxElementLocator.findElement(AjaxElementLocator.java:95)
at org.openqa.selenium.support.pagefactory.internal.LocatingElementHandler.invoke(LocatingElementHandler.java:38)
at com.sun.proxy.$Proxy18.toString(Unknown Source)
at java.lang.String.valueOf(String.java:2994)
at java.lang.StringBuilder.append(StringBuilder.java:131)
at org.openqa.selenium.support.ui.ExpectedConditions$10.toString(ExpectedConditions.java:305)
at java.lang.String.valueOf(String.java:2994)
at java.lang.StringBuilder.append(StringBuilder.java:131)
at org.openqa.selenium.support.ui.FluentWait.until(FluentWait.java:268)
at Pages.BasicActions.checkElementPresent(BasicActions.java:52)
at Pages.FacebookWelcomePage.validateFacebookWelcomePage(FacebookWelcomePage.java:20)
at GlueCode.FacebookDefinitions.validateFacebookWelcomePage(FacebookDefinitions.java:45)
at ✽.Facebook Welcome page is successfully displayed(file:src/test/resources/FeturesFiles/Facebook/FacebookLogin.feature:20)
]]>
            </full-stacktrace>
          </exception> <!-- org.openqa.selenium.WebDriverException -->
          <reporter-output>
          </reporter-output>
        </test-method> <!-- runScenario -->
        <test-method status="PASS" signature="tearDownClass()[pri:0, instance:TestRunners.TestRunnerFacebook@3e9b1010]" name="tearDownClass" is-config="true" duration-ms="116" started-at="2019-07-26T05:30:25Z" finished-at="2019-07-26T05:30:25Z">
          <reporter-output>
          </reporter-output>
        </test-method> <!-- tearDownClass -->
      </class> <!-- TestRunners.TestRunnerFacebook -->
    </test> <!-- Facebook -->
  </suite> <!-- Facebook -->
</testng-results>
